<?xml version="1.0" encoding="UTF-8"?>
<!-- Generated by org.testng.reporters.JUnitReportReporter -->
<testsuite skipped="0" hostname="CTLT095" name="com.continuous.testing.seleniumwithspringboot.testcases.VisaRegistrationTests" tests="8" failures="0" timestamp="23 Jul 2020 16:37:59 GMT" time="9.108" errors="0">
  <testcase name="verifyHomePage" time="0.830" classname="com.continuous.testing.seleniumwithspringboot.testcases.VisaRegistrationTests"/>
  <testcase name="verifyHomePage" time="0.909" classname="com.continuous.testing.seleniumwithspringboot.testcases.VisaRegistrationTests"/>
  <testcase name="verifyVisaRegistrationFormPage" time="0.131" classname="com.continuous.testing.seleniumwithspringboot.testcases.VisaRegistrationTests"/>
  <testcase name="verifyVisaRegistrationFormPage" time="0.136" classname="com.continuous.testing.seleniumwithspringboot.testcases.VisaRegistrationTests"/>
  <testcase name="visaRegistration" time="1.785" classname="com.continuous.testing.seleniumwithspringboot.testcases.VisaRegistrationTests"/>
  <testcase name="visaRegistration" time="1.792" classname="com.continuous.testing.seleniumwithspringboot.testcases.VisaRegistrationTests"/>
  <testcase name="registrationConfirmation" time="1.761" classname="com.continuous.testing.seleniumwithspringboot.testcases.VisaRegistrationTests"/>
  <testcase name="registrationConfirmation" time="1.764" classname="com.continuous.testing.seleniumwithspringboot.testcases.VisaRegistrationTests"/>
</testsuite> <!-- com.continuous.testing.seleniumwithspringboot.testcases.VisaRegistrationTests -->
