<?xml version="1.0" encoding="UTF-8"?>
<!-- Generated by org.testng.reporters.JUnitReportReporter -->
<testsuite skipped="0" hostname="CTLT095" name="com.continuous.testing.seleniumwithspringboot.testcases.VisaPageTestCases" tests="1" failures="0" timestamp="21 Jul 2020 16:00:28 GMT" time="0.014" errors="0">
  <testcase name="TC_001" time="0.014" classname="com.continuous.testing.seleniumwithspringboot.testcases.VisaPageTestCases"/>
</testsuite> <!-- com.continuous.testing.seleniumwithspringboot.testcases.VisaPageTestCases -->
